[debug] [2026-02-21T01:28:41.969Z] ----------------------------------------------------------------------
[debug] [2026-02-21T01:28:41.974Z] Command:       C:\nvm4w\nodejs\node.exe C:\Users\Michele\AppData\Roaming\npm\node_modules\firebase-tools\lib\bin\firebase.js deploy --only functions --project mmcplayground
[debug] [2026-02-21T01:28:41.975Z] CLI Version:   15.1.0
[debug] [2026-02-21T01:28:41.975Z] Platform:      win32
[debug] [2026-02-21T01:28:41.975Z] Node Version:  v20.20.0
[debug] [2026-02-21T01:28:41.976Z] Time:          Fri Feb 20 2026 20:28:41 GMT-0500 (Eastern Standard Time)
[debug] [2026-02-21T01:28:41.976Z] ----------------------------------------------------------------------
[debug] 
[debug] [2026-02-21T01:28:47.172Z] > command requires scopes: ["email","openid","https://www.googleapis.com/auth/cloudplatformprojects.readonly","https://www.googleapis.com/auth/firebase","https://www.googleapis.com/auth/cloud-platform"]
[debug] [2026-02-21T01:28:47.173Z] > authorizing via signed-in user (michelesnow@gmail.com)
[debug] [2026-02-21T01:28:47.174Z] [iam] checking project mmcplayground for permissions ["cloudfunctions.functions.create","cloudfunctions.functions.delete","cloudfunctions.functions.get","cloudfunctions.functions.list","cloudfunctions.functions.update","cloudfunctions.operations.get","firebase.projects.get"]
[debug] [2026-02-21T01:28:47.179Z] Checked if tokens are valid: true, expires at: 1771640839318
[debug] [2026-02-21T01:28:47.179Z] Checked if tokens are valid: true, expires at: 1771640839318
[debug] [2026-02-21T01:28:47.181Z] >>> [apiv2][query] POST https://cloudresourcemanager.googleapis.com/v1/projects/mmcplayground:testIamPermissions [none]
[debug] [2026-02-21T01:28:47.182Z] >>> [apiv2][(partial)header] POST https://cloudresourcemanager.googleapis.com/v1/projects/mmcplayground:testIamPermissions x-goog-quota-user=projects/mmcplayground
[debug] [2026-02-21T01:28:47.183Z] >>> [apiv2][body] POST https://cloudresourcemanager.googleapis.com/v1/projects/mmcplayground:testIamPermissions {"permissions":["cloudfunctions.functions.create","cloudfunctions.functions.delete","cloudfunctions.functions.get","cloudfunctions.functions.list","cloudfunctions.functions.update","cloudfunctions.operations.get","firebase.projects.get"]}
[debug] [2026-02-21T01:28:47.519Z] <<< [apiv2][status] POST https://cloudresourcemanager.googleapis.com/v1/projects/mmcplayground:testIamPermissions 200
[debug] [2026-02-21T01:28:47.520Z] <<< [apiv2][body] POST https://cloudresourcemanager.googleapis.com/v1/projects/mmcplayground:testIamPermissions {"permissions":["cloudfunctions.functions.create","cloudfunctions.functions.delete","cloudfunctions.functions.get","cloudfunctions.functions.list","cloudfunctions.functions.update","cloudfunctions.operations.get","firebase.projects.get"]}
[debug] [2026-02-21T01:28:47.521Z] Checked if tokens are valid: true, expires at: 1771640839318
[debug] [2026-02-21T01:28:47.521Z] Checked if tokens are valid: true, expires at: 1771640839318
[debug] [2026-02-21T01:28:47.521Z] >>> [apiv2][query] POST https://iam.googleapis.com/v1/projects/mmcplayground/serviceAccounts/mmcplayground@appspot.gserviceaccount.com:testIamPermissions [none]
[debug] [2026-02-21T01:28:47.521Z] >>> [apiv2][body] POST https://iam.googleapis.com/v1/projects/mmcplayground/serviceAccounts/mmcplayground@appspot.gserviceaccount.com:testIamPermissions {"permissions":["iam.serviceAccounts.actAs"]}
[debug] [2026-02-21T01:28:47.702Z] <<< [apiv2][status] POST https://iam.googleapis.com/v1/projects/mmcplayground/serviceAccounts/mmcplayground@appspot.gserviceaccount.com:testIamPermissions 200
[debug] [2026-02-21T01:28:47.702Z] <<< [apiv2][body] POST https://iam.googleapis.com/v1/projects/mmcplayground/serviceAccounts/mmcplayground@appspot.gserviceaccount.com:testIamPermissions {"permissions":["iam.serviceAccounts.actAs"]}
[info] 
[info] === Deploying to 'mmcplayground'...
[info] 
[info] i  deploying functions 
[debug] [2026-02-21T01:28:47.719Z] Checked if tokens are valid: true, expires at: 1771640839318
[debug] [2026-02-21T01:28:47.720Z] Checked if tokens are valid: true, expires at: 1771640839318
[debug] [2026-02-21T01:28:47.720Z] >>> [apiv2][query] GET https://cloudresourcemanager.googleapis.com/v1/projects/mmcplayground [none]
[debug] [2026-02-21T01:28:47.835Z] <<< [apiv2][status] GET https://cloudresourcemanager.googleapis.com/v1/projects/mmcplayground 200
[debug] [2026-02-21T01:28:47.835Z] <<< [apiv2][body] GET https://cloudresourcemanager.googleapis.com/v1/projects/mmcplayground {"projectNumber":"596668539508","projectId":"mmcplayground","lifecycleState":"ACTIVE","name":"MMCPlayground","labels":{"firebase":"enabled","firebase-core":"disabled"},"createTime":"2026-02-14T17:26:29.624613Z"}
[info] i  functions: preparing codebase default for deployment 
[info] i  functions: ensuring required API cloudfunctions.googleapis.com is enabled... 
[info] i  functions: ensuring required API cloudbuild.googleapis.com is enabled... 
[info] i  artifactregistry: ensuring required API artifactregistry.googleapis.com is enabled... 
[debug] [2026-02-21T01:28:47.890Z] Checked if tokens are valid: true, expires at: 1771640839318
[debug] [2026-02-21T01:28:47.891Z] Checked if tokens are valid: true, expires at: 1771640839318
[debug] [2026-02-21T01:28:47.891Z] >>> [apiv2][query] GET https://firebase.googleapis.com/v1beta1/projects/mmcplayground/adminSdkConfig [none]
[debug] [2026-02-21T01:28:48.160Z] <<< [apiv2][status] GET https://firebase.googleapis.com/v1beta1/projects/mmcplayground/adminSdkConfig 200
[debug] [2026-02-21T01:28:48.160Z] <<< [apiv2][body] GET https://firebase.googleapis.com/v1beta1/projects/mmcplayground/adminSdkConfig {"projectId":"mmcplayground","storageBucket":"mmcplayground.firebasestorage.app"}
[debug] [2026-02-21T01:28:48.161Z] Checked if tokens are valid: true, expires at: 1771640839318
[debug] [2026-02-21T01:28:48.161Z] Checked if tokens are valid: true, expires at: 1771640839318
[debug] [2026-02-21T01:28:48.162Z] >>> [apiv2][query] GET https://runtimeconfig.googleapis.com/v1beta1/projects/mmcplayground/configs [none]
[debug] [2026-02-21T01:28:48.340Z] <<< [apiv2][status] GET https://runtimeconfig.googleapis.com/v1beta1/projects/mmcplayground/configs 200
[debug] [2026-02-21T01:28:48.340Z] <<< [apiv2][body] GET https://runtimeconfig.googleapis.com/v1beta1/projects/mmcplayground/configs {}
[debug] [2026-02-21T01:28:48.342Z] Validating nodejs source
[warn] !  functions: Runtime Node.js 20 will be deprecated on 2026-04-30 and will be decommissioned on 2026-10-30, after which you will not be able to deploy without upgrading. Consider upgrading now to avoid disruption. See https://cloud.google.com/functions/docs/runtime-support for full details on the lifecycle policy 
[debug] [2026-02-21T01:28:51.350Z] > [functions] package.json contents: {
  "name": "functions",
  "version": "1.0.0",
  "description": "",
  "main": "index.js",
  "scripts": {
    "test": "echo \"Error: no test specified\" && exit 1"
  },
  "keywords": [],
  "author": "",
  "license": "ISC",
  "type": "commonjs",
  "dependencies": {
    "firebase-admin": "^13.6.1",
    "firebase-functions": "^7.0.5"
  }
}
[debug] [2026-02-21T01:28:51.351Z] Building nodejs source
[info] i  functions: Loading and analyzing source code for codebase default to determine what to deploy 
[debug] [2026-02-21T01:28:51.354Z] Could not find functions.yaml. Must use http discovery
[debug] [2026-02-21T01:28:51.369Z] Found firebase-functions binary at 'C:\Users\Michele\MMCPlayground\missmeconnection\functions\node_modules\.bin\firebase-functions'
[info] Serving at port 8789

[debug] [2026-02-21T01:28:53.399Z] Got response from /__/functions.yaml {"endpoints":{"onNewMessage":{"availableMemoryMb":null,"timeoutSeconds":null,"minInstances":null,"maxInstances":null,"ingressSettings":null,"concurrency":null,"serviceAccountEmail":null,"vpc":null,"platform":"gcfv2","labels":{},"eventTrigger":{"eventType":"google.cloud.firestore.document.v1.created","eventFilters":{"database":"(default)","namespace":"(default)"},"eventFilterPathPatterns":{"document":"threads/{threadId}/messages/{messageId}"},"retry":false},"entryPoint":"onNewMessage"}},"specVersion":"v1alpha1","requiredAPIs":[],"extensions":{}}
[info] i  extensions: ensuring required API firebaseextensions.googleapis.com is enabled... 
[debug] [2026-02-21T01:28:57.477Z] Checked if tokens are valid: true, expires at: 1771640839318
[debug] [2026-02-21T01:28:57.477Z] Checked if tokens are valid: true, expires at: 1771640839318
[debug] [2026-02-21T01:28:57.478Z] >>> [apiv2][query] GET https://serviceusage.googleapis.com/v1/projects/mmcplayground/services/firebaseextensions.googleapis.com [none]
[debug] [2026-02-21T01:28:57.478Z] >>> [apiv2][(partial)header] GET https://serviceusage.googleapis.com/v1/projects/mmcplayground/services/firebaseextensions.googleapis.com x-goog-quota-user=projects/mmcplayground
[debug] [2026-02-21T01:28:57.824Z] <<< [apiv2][status] GET https://serviceusage.googleapis.com/v1/projects/mmcplayground/services/firebaseextensions.googleapis.com 200
[debug] [2026-02-21T01:28:57.824Z] <<< [apiv2][body] GET https://serviceusage.googleapis.com/v1/projects/mmcplayground/services/firebaseextensions.googleapis.com [omitted]
[info] +  extensions: required API firebaseextensions.googleapis.com is enabled 
[debug] [2026-02-21T01:28:57.839Z] > command requires scopes: ["email","openid","https://www.googleapis.com/auth/cloudplatformprojects.readonly","https://www.googleapis.com/auth/firebase","https://www.googleapis.com/auth/cloud-platform"]
[debug] [2026-02-21T01:28:57.839Z] > authorizing via signed-in user (michelesnow@gmail.com)
[debug] [2026-02-21T01:28:57.839Z] [iam] checking project mmcplayground for permissions ["firebase.projects.get","firebaseextensions.instances.list"]
[debug] [2026-02-21T01:28:57.839Z] Checked if tokens are valid: true, expires at: 1771640839318
[debug] [2026-02-21T01:28:57.839Z] Checked if tokens are valid: true, expires at: 1771640839318
[debug] [2026-02-21T01:28:57.840Z] >>> [apiv2][query] POST https://cloudresourcemanager.googleapis.com/v1/projects/mmcplayground:testIamPermissions [none]
[debug] [2026-02-21T01:28:57.840Z] >>> [apiv2][(partial)header] POST https://cloudresourcemanager.googleapis.com/v1/projects/mmcplayground:testIamPermissions x-goog-quota-user=projects/mmcplayground
[debug] [2026-02-21T01:28:57.840Z] >>> [apiv2][body] POST https://cloudresourcemanager.googleapis.com/v1/projects/mmcplayground:testIamPermissions {"permissions":["firebase.projects.get","firebaseextensions.instances.list"]}
[debug] [2026-02-21T01:28:58.040Z] <<< [apiv2][status] POST https://cloudresourcemanager.googleapis.com/v1/projects/mmcplayground:testIamPermissions 200
[debug] [2026-02-21T01:28:58.040Z] <<< [apiv2][body] POST https://cloudresourcemanager.googleapis.com/v1/projects/mmcplayground:testIamPermissions {"permissions":["firebase.projects.get","firebaseextensions.instances.list"]}
[debug] [2026-02-21T01:28:58.040Z] Checked if tokens are valid: true, expires at: 1771640839318
[debug] [2026-02-21T01:28:58.040Z] Checked if tokens are valid: true, expires at: 1771640839318
[debug] [2026-02-21T01:28:58.043Z] >>> [apiv2][query] GET https://firebaseextensions.googleapis.com/v1beta/projects/mmcplayground/instances pageSize=100&pageToken=
[debug] [2026-02-21T01:28:58.389Z] <<< [apiv2][status] GET https://firebaseextensions.googleapis.com/v1beta/projects/mmcplayground/instances 200
[debug] [2026-02-21T01:28:58.389Z] <<< [apiv2][body] GET https://firebaseextensions.googleapis.com/v1beta/projects/mmcplayground/instances {}
[info] i  functions: preparing functions directory for uploading... 
[info] i  functions: packaged C:\Users\Michele\MMCPlayground\missmeconnection\functions (30.38 KB) for uploading 
[debug] [2026-02-21T01:28:58.456Z] Checked if tokens are valid: true, expires at: 1771640839318
[debug] [2026-02-21T01:28:58.456Z] Checked if tokens are valid: true, expires at: 1771640839318
[debug] [2026-02-21T01:28:58.456Z] >>> [apiv2][query] GET https://cloudfunctions.googleapis.com/v1/projects/mmcplayground/locations/-/functions [none]
[debug] [2026-02-21T01:28:59.108Z] <<< [apiv2][status] GET https://cloudfunctions.googleapis.com/v1/projects/mmcplayground/locations/-/functions 200
[debug] [2026-02-21T01:28:59.108Z] <<< [apiv2][body] GET https://cloudfunctions.googleapis.com/v1/projects/mmcplayground/locations/-/functions {}
[debug] [2026-02-21T01:28:59.108Z] Checked if tokens are valid: true, expires at: 1771640839318
[debug] [2026-02-21T01:28:59.109Z] Checked if tokens are valid: true, expires at: 1771640839318
[debug] [2026-02-21T01:28:59.109Z] >>> [apiv2][query] GET https://cloudfunctions.googleapis.com/v2/projects/mmcplayground/locations/-/functions filter=environment%3D%22GEN_2%22
[debug] [2026-02-21T01:28:59.595Z] <<< [apiv2][status] GET https://cloudfunctions.googleapis.com/v2/projects/mmcplayground/locations/-/functions 200
[debug] [2026-02-21T01:28:59.595Z] <<< [apiv2][body] GET https://cloudfunctions.googleapis.com/v2/projects/mmcplayground/locations/-/functions {"functions":[{"name":"projects/mmcplayground/locations/us-central1/functions/onNotificationCreate","buildConfig":{"build":"projects/596668539508/locations/us-central1/builds/21d82920-1afe-44b1-8d5a-71d609a68ad5","runtime":"nodejs20","entryPoint":"onNotificationCreate","source":{"storageSource":{"bucket":"gcf-v2-sources-596668539508-us-central1","object":"onNotificationCreate/function-source.zip","generation":"1771635566633242"}},"environmentVariables":{"GOOGLE_NODE_RUN_SCRIPTS":""},"dockerRepository":"projects/mmcplayground/locations/us-central1/repositories/gcf-artifacts","sourceProvenance":{"resolvedStorageSource":{"bucket":"gcf-v2-sources-596668539508-us-central1","object":"onNotificationCreate/function-source.zip","generation":"1771635566633242"}},"dockerRegistry":"ARTIFACT_REGISTRY","serviceAccount":"projects/mmcplayground/serviceAccounts/596668539508-compute@developer.gserviceaccount.com","automaticUpdatePolicy":{}},"serviceConfig":{"service":"projects/mmcplayground/locations/us-central1/services/onnotificationcreate","timeoutSeconds":60,"environmentVariables":{"FIREBASE_CONFIG":"{\"projectId\":\"mmcplayground\",\"storageBucket\":\"mmcplayground.firebasestorage.app\"}","GCLOUD_PROJECT":"mmcplayground","EVENTARC_CLOUD_EVENT_SOURCE":"projects/mmcplayground/locations/us-central1/services/onNotificationCreate","FUNCTION_SIGNATURE_TYPE":"cloudevent","FUNCTION_TARGET":"onNotificationCreate","LOG_EXECUTION_ID":"true"},"maxInstanceCount":20,"ingressSettings":"ALLOW_ALL","uri":"https://onnotificationcreate-vnayry7asa-uc.a.run.app","serviceAccountEmail":"596668539508-compute@developer.gserviceaccount.com","availableMemory":"256Mi","allTrafficOnLatestRevision":true,"revision":"onnotificationcreate-00003-zuf","maxInstanceRequestConcurrency":80,"availableCpu":"1"},"eventTrigger":{"trigger":"projects/mmcplayground/locations/nam5/triggers/onnotificationcreate-547625","triggerRegion":"nam5","eventType":"google.cloud.firestore.document.v1.created","eventFilters":[{"attribute":"database","value":"(default)"},{"attribute":"namespace","value":"(default)"},{"attribute":"document","value":"notifications/{notifId}","operator":"match-path-pattern"}],"pubsubTopic":"projects/mmcplayground/topics/eventarc-nam5-onnotificationcreate-547625-809","serviceAccountEmail":"596668539508-compute@developer.gserviceaccount.com","retryPolicy":"RETRY_POLICY_DO_NOT_RETRY"},"state":"ACTIVE","updateTime":"2026-02-21T01:00:14.837066340Z","labels":{"deployment-tool":"cli-firebase","firebase-functions-hash":"9844669f04709e08f8d7432deabe9d04a3e63e72"},"environment":"GEN_2","url":"https://us-central1-mmcplayground.cloudfunctions.net/onNotificationCreate","createTime":"2026-02-21T00:52:46.627563150Z","satisfiesPzi":true}]}
[debug] [2026-02-21T01:28:59.597Z] Checked if tokens are valid: true, expires at: 1771640839318
[debug] [2026-02-21T01:28:59.598Z] Checked if tokens are valid: true, expires at: 1771640839318
[debug] [2026-02-21T01:28:59.598Z] >>> [apiv2][query] GET https://firestore.googleapis.com/v1/projects/mmcplayground/databases/(default) [none]
[debug] [2026-02-21T01:28:59.874Z] <<< [apiv2][status] GET https://firestore.googleapis.com/v1/projects/mmcplayground/databases/(default) 200
[debug] [2026-02-21T01:28:59.874Z] <<< [apiv2][body] GET https://firestore.googleapis.com/v1/projects/mmcplayground/databases/(default) {"name":"projects/mmcplayground/databases/(default)","uid":"d7c155b1-36fc-494c-9c65-682630320723","createTime":"2026-02-14T17:33:08.793144Z","updateTime":"2026-02-14T17:33:08.793144Z","locationId":"nam5","type":"FIRESTORE_NATIVE","concurrencyMode":"PESSIMISTIC","versionRetentionPeriod":"3600s","earliestVersionTime":"2026-02-21T00:29:00.032007Z","appEngineIntegrationMode":"DISABLED","keyPrefix":"s","pointInTimeRecoveryEnablement":"POINT_IN_TIME_RECOVERY_DISABLED","deleteProtectionState":"DELETE_PROTECTION_DISABLED","databaseEdition":"STANDARD","freeTier":true,"realtimeUpdatesMode":"REALTIME_UPDATES_MODE_ENABLED","etag":"IPGTy7K36ZIDMPmHrJad5pID"}
[info] i  functions: ensuring required API run.googleapis.com is enabled... 
[debug] [2026-02-21T01:28:59.878Z] Checked if tokens are valid: true, expires at: 1771640839318
[debug] [2026-02-21T01:28:59.879Z] Checked if tokens are valid: true, expires at: 1771640839318
[info] i  functions: ensuring required API eventarc.googleapis.com is enabled... 
[debug] [2026-02-21T01:28:59.881Z] Checked if tokens are valid: true, expires at: 1771640839318
[debug] [2026-02-21T01:28:59.881Z] Checked if tokens are valid: true, expires at: 1771640839318
[info] i  functions: ensuring required API pubsub.googleapis.com is enabled... 
[debug] [2026-02-21T01:28:59.885Z] Checked if tokens are valid: true, expires at: 1771640839318
[debug] [2026-02-21T01:28:59.885Z] Checked if tokens are valid: true, expires at: 1771640839318
[info] i  functions: ensuring required API storage.googleapis.com is enabled... 
[debug] [2026-02-21T01:28:59.888Z] Checked if tokens are valid: true, expires at: 1771640839318
[debug] [2026-02-21T01:28:59.888Z] Checked if tokens are valid: true, expires at: 1771640839318
[debug] [2026-02-21T01:28:59.888Z] >>> [apiv2][query] GET https://serviceusage.googleapis.com/v1/projects/596668539508/services/run.googleapis.com [none]
[debug] [2026-02-21T01:28:59.888Z] >>> [apiv2][(partial)header] GET https://serviceusage.googleapis.com/v1/projects/596668539508/services/run.googleapis.com x-goog-quota-user=projects/596668539508
[debug] [2026-02-21T01:28:59.889Z] >>> [apiv2][query] GET https://serviceusage.googleapis.com/v1/projects/596668539508/services/eventarc.googleapis.com [none]
[debug] [2026-02-21T01:28:59.889Z] >>> [apiv2][(partial)header] GET https://serviceusage.googleapis.com/v1/projects/596668539508/services/eventarc.googleapis.com x-goog-quota-user=projects/596668539508
[debug] [2026-02-21T01:28:59.892Z] >>> [apiv2][query] GET https://serviceusage.googleapis.com/v1/projects/596668539508/services/pubsub.googleapis.com [none]
[debug] [2026-02-21T01:28:59.892Z] >>> [apiv2][(partial)header] GET https://serviceusage.googleapis.com/v1/projects/596668539508/services/pubsub.googleapis.com x-goog-quota-user=projects/596668539508
[debug] [2026-02-21T01:28:59.895Z] >>> [apiv2][query] GET https://serviceusage.googleapis.com/v1/projects/596668539508/services/storage.googleapis.com [none]
[debug] [2026-02-21T01:28:59.895Z] >>> [apiv2][(partial)header] GET https://serviceusage.googleapis.com/v1/projects/596668539508/services/storage.googleapis.com x-goog-quota-user=projects/596668539508
[debug] [2026-02-21T01:29:00.188Z] <<< [apiv2][status] GET https://serviceusage.googleapis.com/v1/projects/596668539508/services/run.googleapis.com 200
[debug] [2026-02-21T01:29:00.189Z] <<< [apiv2][body] GET https://serviceusage.googleapis.com/v1/projects/596668539508/services/run.googleapis.com [omitted]
[info] +  functions: required API run.googleapis.com is enabled 
[debug] [2026-02-21T01:29:00.216Z] <<< [apiv2][status] GET https://serviceusage.googleapis.com/v1/projects/596668539508/services/pubsub.googleapis.com 200
[debug] [2026-02-21T01:29:00.216Z] <<< [apiv2][body] GET https://serviceusage.googleapis.com/v1/projects/596668539508/services/pubsub.googleapis.com [omitted]
[info] +  functions: required API pubsub.googleapis.com is enabled 
[debug] [2026-02-21T01:29:00.233Z] <<< [apiv2][status] GET https://serviceusage.googleapis.com/v1/projects/596668539508/services/storage.googleapis.com 200
[debug] [2026-02-21T01:29:00.233Z] <<< [apiv2][body] GET https://serviceusage.googleapis.com/v1/projects/596668539508/services/storage.googleapis.com [omitted]
[info] +  functions: required API storage.googleapis.com is enabled 
[debug] [2026-02-21T01:29:00.264Z] <<< [apiv2][status] GET https://serviceusage.googleapis.com/v1/projects/596668539508/services/eventarc.googleapis.com 200
[debug] [2026-02-21T01:29:00.264Z] <<< [apiv2][body] GET https://serviceusage.googleapis.com/v1/projects/596668539508/services/eventarc.googleapis.com [omitted]
[info] +  functions: required API eventarc.googleapis.com is enabled 
[info] i  functions: generating the service identity for pubsub.googleapis.com... 
[debug] [2026-02-21T01:29:00.295Z] Checked if tokens are valid: true, expires at: 1771640839318
[debug] [2026-02-21T01:29:00.295Z] Checked if tokens are valid: true, expires at: 1771640839318
[info] i  functions: generating the service identity for eventarc.googleapis.com... 
[debug] [2026-02-21T01:29:00.296Z] Checked if tokens are valid: true, expires at: 1771640839318
[debug] [2026-02-21T01:29:00.296Z] Checked if tokens are valid: true, expires at: 1771640839318
[debug] [2026-02-21T01:29:00.297Z] >>> [apiv2][query] POST https://serviceusage.googleapis.com/v1beta1/projects/596668539508/services/pubsub.googleapis.com:generateServiceIdentity [none]
[debug] [2026-02-21T01:29:00.297Z] >>> [apiv2][(partial)header] POST https://serviceusage.googleapis.com/v1beta1/projects/596668539508/services/pubsub.googleapis.com:generateServiceIdentity x-goog-quota-user=projects/596668539508
[debug] [2026-02-21T01:29:00.297Z] >>> [apiv2][body] POST https://serviceusage.googleapis.com/v1beta1/projects/596668539508/services/pubsub.googleapis.com:generateServiceIdentity {}
[debug] [2026-02-21T01:29:00.298Z] >>> [apiv2][query] POST https://serviceusage.googleapis.com/v1beta1/projects/596668539508/services/eventarc.googleapis.com:generateServiceIdentity [none]
[debug] [2026-02-21T01:29:00.299Z] >>> [apiv2][(partial)header] POST https://serviceusage.googleapis.com/v1beta1/projects/596668539508/services/eventarc.googleapis.com:generateServiceIdentity x-goog-quota-user=projects/596668539508
[debug] [2026-02-21T01:29:00.299Z] >>> [apiv2][body] POST https://serviceusage.googleapis.com/v1beta1/projects/596668539508/services/eventarc.googleapis.com:generateServiceIdentity {}
[debug] [2026-02-21T01:29:00.587Z] <<< [apiv2][status] POST https://serviceusage.googleapis.com/v1beta1/projects/596668539508/services/pubsub.googleapis.com:generateServiceIdentity 200
[debug] [2026-02-21T01:29:00.587Z] <<< [apiv2][body] POST https://serviceusage.googleapis.com/v1beta1/projects/596668539508/services/pubsub.googleapis.com:generateServiceIdentity {"name":"operations/finished.DONE_OPERATION","done":true,"response":{"@type":"type.googleapis.com/google.api.serviceusage.v1beta1.ServiceIdentity","email":"service-596668539508@gcp-sa-pubsub.iam.gserviceaccount.com","uniqueId":"117003337122730026890"}}
[debug] [2026-02-21T01:29:00.642Z] <<< [apiv2][status] POST https://serviceusage.googleapis.com/v1beta1/projects/596668539508/services/eventarc.googleapis.com:generateServiceIdentity 200
[debug] [2026-02-21T01:29:00.643Z] <<< [apiv2][body] POST https://serviceusage.googleapis.com/v1beta1/projects/596668539508/services/eventarc.googleapis.com:generateServiceIdentity {"name":"operations/finished.DONE_OPERATION","done":true,"response":{"@type":"type.googleapis.com/google.api.serviceusage.v1beta1.ServiceIdentity","email":"service-596668539508@gcp-sa-eventarc.iam.gserviceaccount.com","uniqueId":"102436864004451604601"}}
[debug] [2026-02-21T01:29:00.646Z] Checked if tokens are valid: true, expires at: 1771640839318
[debug] [2026-02-21T01:29:00.646Z] Checked if tokens are valid: true, expires at: 1771640839318
[debug] [2026-02-21T01:29:00.646Z] >>> [apiv2][query] GET https://cloudresourcemanager.googleapis.com/v1/projects/mmcplayground [none]
[debug] [2026-02-21T01:29:00.774Z] <<< [apiv2][status] GET https://cloudresourcemanager.googleapis.com/v1/projects/mmcplayground 200
[debug] [2026-02-21T01:29:00.774Z] <<< [apiv2][body] GET https://cloudresourcemanager.googleapis.com/v1/projects/mmcplayground {"projectNumber":"596668539508","projectId":"mmcplayground","lifecycleState":"ACTIVE","name":"MMCPlayground","labels":{"firebase":"enabled","firebase-core":"disabled"},"createTime":"2026-02-14T17:26:29.624613Z"}
[debug] [2026-02-21T01:29:00.774Z] Checked if tokens are valid: true, expires at: 1771640839318
[debug] [2026-02-21T01:29:00.775Z] Checked if tokens are valid: true, expires at: 1771640839318
[debug] [2026-02-21T01:29:00.775Z] >>> [apiv2][query] GET https://compute.googleapis.com/compute/v1/projects/596668539508 [none]
[debug] [2026-02-21T01:29:00.973Z] <<< [apiv2][status] GET https://compute.googleapis.com/compute/v1/projects/596668539508 403
[debug] [2026-02-21T01:29:00.974Z] <<< [apiv2][body] GET https://compute.googleapis.com/compute/v1/projects/596668539508 {"error":{"code":403,"message":"Compute Engine API has not been used in project 596668539508 before or it is disabled. Enable it by visiting https://console.developers.google.com/apis/api/compute.googleapis.com/overview?project=596668539508 then retry. If you enabled this API recently, wait a few minutes for the action to propagate to our systems and retry.","errors":[{"message":"Compute Engine API has not been used in project 596668539508 before or it is disabled. Enable it by visiting https://console.developers.google.com/apis/api/compute.googleapis.com/overview?project=596668539508 then retry. If you enabled this API recently, wait a few minutes for the action to propagate to our systems and retry.","domain":"usageLimits","reason":"accessNotConfigured","extendedHelp":"https://console.developers.google.com"}],"status":"PERMISSION_DENIED","details":[{"@type":"type.googleapis.com/google.rpc.ErrorInfo","reason":"SERVICE_DISABLED","domain":"googleapis.com","metadata":{"service":"compute.googleapis.com","activationUrl":"https://console.developers.google.com/apis/api/compute.googleapis.com/overview?project=596668539508","consumer":"projects/596668539508","containerInfo":"596668539508","serviceTitle":"Compute Engine API"}},{"@type":"type.googleapis.com/google.rpc.LocalizedMessage","locale":"en-US","message":"Compute Engine API has not been used in project 596668539508 before or it is disabled. Enable it by visiting https://console.developers.google.com/apis/api/compute.googleapis.com/overview?project=596668539508 then retry. If you enabled this API recently, wait a few minutes for the action to propagate to our systems and retry."},{"@type":"type.googleapis.com/google.rpc.Help","links":[{"description":"Google developers console API activation","url":"https://console.developers.google.com/apis/api/compute.googleapis.com/overview?project=596668539508"}]}]}}
[debug] [2026-02-21T01:29:00.974Z] unable to look up default compute service account. Falling back to 596668539508-compute@developer.gserviceaccount.com. Error: {"name":"FirebaseError","children":[],"context":{"body":{"error":{"code":403,"message":"Compute Engine API has not been used in project 596668539508 before or it is disabled. Enable it by visiting https://console.developers.google.com/apis/api/compute.googleapis.com/overview?project=596668539508 then retry. If you enabled this API recently, wait a few minutes for the action to propagate to our systems and retry.","errors":[{"message":"Compute Engine API has not been used in project 596668539508 before or it is disabled. Enable it by visiting https://console.developers.google.com/apis/api/compute.googleapis.com/overview?project=596668539508 then retry. If you enabled this API recently, wait a few minutes for the action to propagate to our systems and retry.","domain":"usageLimits","reason":"accessNotConfigured","extendedHelp":"https://console.developers.google.com"}],"status":"PERMISSION_DENIED","details":[{"@type":"type.googleapis.com/google.rpc.ErrorInfo","reason":"SERVICE_DISABLED","domain":"googleapis.com","metadata":{"service":"compute.googleapis.com","activationUrl":"https://console.developers.google.com/apis/api/compute.googleapis.com/overview?project=596668539508","consumer":"projects/596668539508","containerInfo":"596668539508","serviceTitle":"Compute Engine API"}},{"@type":"type.googleapis.com/google.rpc.LocalizedMessage","locale":"en-US","message":"Compute Engine API has not been used in project 596668539508 before or it is disabled. Enable it by visiting https://console.developers.google.com/apis/api/compute.googleapis.com/overview?project=596668539508 then retry. If you enabled this API recently, wait a few minutes for the action to propagate to our systems and retry."},{"@type":"type.googleapis.com/google.rpc.Help","links":[{"description":"Google developers console API activation","url":"https://console.developers.google.com/apis/api/compute.googleapis.com/overview?project=596668539508"}]}]}},"response":{"statusCode":403}},"exit":1,"message":"Request to https://compute.googleapis.com/compute/v1/projects/596668539508 had HTTP Error: 403, Compute Engine API has not been used in project 596668539508 before or it is disabled. Enable it by visiting https://console.developers.google.com/apis/api/compute.googleapis.com/overview?project=596668539508 then retry. If you enabled this API recently, wait a few minutes for the action to propagate to our systems and retry.","status":403}
[debug] [2026-02-21T01:29:00.976Z] Checked if tokens are valid: true, expires at: 1771640839318
[debug] [2026-02-21T01:29:00.976Z] Checked if tokens are valid: true, expires at: 1771640839318
[debug] [2026-02-21T01:29:00.976Z] >>> [apiv2][query] GET https://cloudbilling.googleapis.com/v1/projects/mmcplayground/billingInfo [none]
[debug] [2026-02-21T01:29:01.339Z] <<< [apiv2][status] GET https://cloudbilling.googleapis.com/v1/projects/mmcplayground/billingInfo 200
[debug] [2026-02-21T01:29:01.339Z] <<< [apiv2][body] GET https://cloudbilling.googleapis.com/v1/projects/mmcplayground/billingInfo {"name":"projects/mmcplayground/billingInfo","projectId":"mmcplayground","billingAccountName":"billingAccounts/01CFA9-DB2CDD-C1C07E","billingEnabled":true}
[debug] [2026-02-21T01:29:01.341Z] Checked if tokens are valid: true, expires at: 1771640839318
[debug] [2026-02-21T01:29:01.341Z] Checked if tokens are valid: true, expires at: 1771640839318
[debug] [2026-02-21T01:29:01.342Z] >>> [apiv2][query] POST https://cloudfunctions.googleapis.com/v2/projects/mmcplayground/locations/us-central1/functions:generateUploadUrl [none]
[debug] [2026-02-21T01:29:01.617Z] <<< [apiv2][status] POST https://cloudfunctions.googleapis.com/v2/projects/mmcplayground/locations/us-central1/functions:generateUploadUrl 200
[debug] [2026-02-21T01:29:01.617Z] <<< [apiv2][body] POST https://cloudfunctions.googleapis.com/v2/projects/mmcplayground/locations/us-central1/functions:generateUploadUrl {"uploadUrl":"https://storage.googleapis.com/gcf-v2-uploads-596668539508.us-central1.cloudfunctions.appspot.com/0b8f9ad9-4700-4c12-9d11-8d64b674a492.zip?GoogleAccessId=service-596668539508@gcf-admin-robot.iam.gserviceaccount.com&Expires=1771639141&Signature=THU1K%2BC3Y1KtTwSnLRAQbAMJkzHUwK04HmgDbBf3OeaP4OFhu2KHbCLVeu87VTJTzbnUQfxYiwKasRdIqK4QeXCvHb%2FYW31SAJQRmjJriw9wssOlKeWVyIU30thS%2FgLYFWCOUPH7dCUiw1gTs3qXsc%2Bs1RC2Thn3t5ZE2uqbasQZTQ%2F57Kj3YCVnpSmBF5I64B%2BYIGax%2FkWd4kNWPGNyACu1jJkEFoHfPkcZ4LaGGqK2jv1nH3Jgx%2BQrrl%2FsVzLX4nPpElG%2FzfKvO1gRJrubAcMaTW4xI3AN8MZql8bwHhSlIdG2485jUxWWDqenWA9qgRw%2FUZy92aYjcgET3%2B%2BZKQ%3D%3D","storageSource":{"bucket":"gcf-v2-uploads-596668539508.us-central1.cloudfunctions.appspot.com","object":"0b8f9ad9-4700-4c12-9d11-8d64b674a492.zip"}}
[debug] [2026-02-21T01:29:01.622Z] >>> [apiv2][query] PUT https://storage.googleapis.com/gcf-v2-uploads-596668539508.us-central1.cloudfunctions.appspot.com/0b8f9ad9-4700-4c12-9d11-8d64b674a492.zip GoogleAccessId=service-596668539508%40gcf-admin-robot.iam.gserviceaccount.com&Expires=1771639141&Signature=THU1K%2BC3Y1KtTwSnLRAQbAMJkzHUwK04HmgDbBf3OeaP4OFhu2KHbCLVeu87VTJTzbnUQfxYiwKasRdIqK4QeXCvHb%2FYW31SAJQRmjJriw9wssOlKeWVyIU30thS%2FgLYFWCOUPH7dCUiw1gTs3qXsc%2Bs1RC2Thn3t5ZE2uqbasQZTQ%2F57Kj3YCVnpSmBF5I64B%2BYIGax%2FkWd4kNWPGNyACu1jJkEFoHfPkcZ4LaGGqK2jv1nH3Jgx%2BQrrl%2FsVzLX4nPpElG%2FzfKvO1gRJrubAcMaTW4xI3AN8MZql8bwHhSlIdG2485jUxWWDqenWA9qgRw%2FUZy92aYjcgET3%2B%2BZKQ%3D%3D
[debug] [2026-02-21T01:29:01.623Z] >>> [apiv2][body] PUT https://storage.googleapis.com/gcf-v2-uploads-596668539508.us-central1.cloudfunctions.appspot.com/0b8f9ad9-4700-4c12-9d11-8d64b674a492.zip [stream]
[debug] [2026-02-21T01:29:01.857Z] <<< [apiv2][status] PUT https://storage.googleapis.com/gcf-v2-uploads-596668539508.us-central1.cloudfunctions.appspot.com/0b8f9ad9-4700-4c12-9d11-8d64b674a492.zip 200
[debug] [2026-02-21T01:29:01.857Z] <<< [apiv2][body] PUT https://storage.googleapis.com/gcf-v2-uploads-596668539508.us-central1.cloudfunctions.appspot.com/0b8f9ad9-4700-4c12-9d11-8d64b674a492.zip [omitted]
[info] +  functions: functions source uploaded successfully 
[info] 
The following functions are found in your project but do not exist in your local source code:
	onNotificationCreate(us-central1)

If you are renaming a function or changing its region, it is recommended that you create the new function first before deleting the old one to prevent event loss. For more info, visit https://firebase.google.com/docs/functions/manage-functions#modify

